Unhandled Rejection at: [object Promise] reason: MongoServerSelectionError: connect ECONNREFUSED 127.0.0.1:27017
Unhandled Rejection at: [object Promise] reason: MongoServerSelectionError: connect ECONNREFUSED 127.0.0.1:27017
Uncaught Exception: listen EADDRINUSE: address already in use :::5000
Error: listen EADDRINUSE: address already in use :::5000
    at Server.setupListenHandle [as _listen2] (node:net:1939:16)
    at listenInCluster (node:net:1996:12)
    at Server.listen (node:net:2101:7)
    at Function.listen (D:\New folder (3)\Lec 35\Zest\node_modules\express\lib\application.js:635:24)
    at Object.<anonymous> (D:\New folder (3)\Lec 35\Zest\app.js:104:5)
    at Module._compile (node:internal/modules/cjs/loader:1730:14)
    at Object..js (node:internal/modules/cjs/loader:1895:10)
    at Module.load (node:internal/modules/cjs/loader:1465:32)
    at Function._load (node:internal/modules/cjs/loader:1282:12)
    at TracingChannel.traceSync (node:diagnostics_channel:322:14)
Unhandled Rejection at: [object Promise] reason: MongoServerSelectionError: connect ECONNREFUSED 127.0.0.1:27017
Uncaught Exception: listen EADDRINUSE: address already in use :::5000
Error: listen EADDRINUSE: address already in use :::5000
    at Server.setupListenHandle [as _listen2] (node:net:1939:16)
    at listenInCluster (node:net:1996:12)
    at Server.listen (node:net:2101:7)
    at Function.listen (D:\New folder (3)\Lec 35\Zest\node_modules\express\lib\application.js:635:24)
    at Object.<anonymous> (D:\New folder (3)\Lec 35\Zest\app.js:104:5)
    at Module._compile (node:internal/modules/cjs/loader:1730:14)
    at Object..js (node:internal/modules/cjs/loader:1895:10)
    at Module.load (node:internal/modules/cjs/loader:1465:32)
    at Function._load (node:internal/modules/cjs/loader:1282:12)
    at TracingChannel.traceSync (node:diagnostics_channel:322:14)
Unhandled Rejection at: [object Promise] reason: MongoServerSelectionError: connect ECONNREFUSED 127.0.0.1:27017
